2013.02.16 18:46 B D:\Web\Dau\yoxview\lang\ar.js <-- ftp.dauperu.com /public_html/yoxview/lang ar.js
2013.02.16 18:46 B D:\Web\Dau\yoxview\lang\bg.js <-- ftp.dauperu.com /public_html/yoxview/lang bg.js
2013.02.16 18:46 B D:\Web\Dau\yoxview\lang\ca.js <-- ftp.dauperu.com /public_html/yoxview/lang ca.js
2013.02.16 18:46 B D:\Web\Dau\yoxview\lang\cs.js <-- ftp.dauperu.com /public_html/yoxview/lang cs.js
2013.02.16 18:46 B D:\Web\Dau\yoxview\lang\de.js <-- ftp.dauperu.com /public_html/yoxview/lang de.js
2013.02.16 18:46 B D:\Web\Dau\yoxview\lang\dk.js <-- ftp.dauperu.com /public_html/yoxview/lang dk.js
2013.02.16 18:46 B D:\Web\Dau\yoxview\lang\en-back.js <-- ftp.dauperu.com /public_html/yoxview/lang en-back.js
2013.02.16 18:47 B D:\Web\Dau\yoxview\lang\en.js <-- ftp.dauperu.com /public_html/yoxview/lang en.js
2013.02.16 18:47 B D:\Web\Dau\yoxview\lang\es.js <-- ftp.dauperu.com /public_html/yoxview/lang es.js
2013.02.16 18:47 B D:\Web\Dau\yoxview\lang\fr.js <-- ftp.dauperu.com /public_html/yoxview/lang fr.js
2013.02.16 18:47 B D:\Web\Dau\yoxview\lang\gr.js <-- ftp.dauperu.com /public_html/yoxview/lang gr.js
2013.02.16 18:47 B D:\Web\Dau\yoxview\lang\he.js <-- ftp.dauperu.com /public_html/yoxview/lang he.js
2013.02.16 18:47 B D:\Web\Dau\yoxview\lang\hu.js <-- ftp.dauperu.com /public_html/yoxview/lang hu.js
2013.02.16 18:47 B D:\Web\Dau\yoxview\lang\ie.js <-- ftp.dauperu.com /public_html/yoxview/lang ie.js
2013.02.16 18:47 B D:\Web\Dau\yoxview\lang\ir.js <-- ftp.dauperu.com /public_html/yoxview/lang ir.js
2013.02.16 18:47 B D:\Web\Dau\yoxview\lang\it.js <-- ftp.dauperu.com /public_html/yoxview/lang it.js
2013.02.16 18:47 B D:\Web\Dau\yoxview\lang\ja.js <-- ftp.dauperu.com /public_html/yoxview/lang ja.js
2013.02.16 18:47 B D:\Web\Dau\yoxview\lang\ka.js <-- ftp.dauperu.com /public_html/yoxview/lang ka.js
2013.02.16 18:47 B D:\Web\Dau\yoxview\lang\mk.js <-- ftp.dauperu.com /public_html/yoxview/lang mk.js
2013.02.16 18:47 B D:\Web\Dau\yoxview\lang\nl.js <-- ftp.dauperu.com /public_html/yoxview/lang nl.js
2013.02.16 18:47 B D:\Web\Dau\yoxview\lang\pl.js <-- ftp.dauperu.com /public_html/yoxview/lang pl.js
2013.02.16 18:47 B D:\Web\Dau\yoxview\lang\pt-br.js <-- ftp.dauperu.com /public_html/yoxview/lang pt-br.js
2013.02.16 18:47 B D:\Web\Dau\yoxview\lang\pt.js <-- ftp.dauperu.com /public_html/yoxview/lang pt.js
2013.02.16 18:47 B D:\Web\Dau\yoxview\lang\ro.js <-- ftp.dauperu.com /public_html/yoxview/lang ro.js
2013.02.16 18:47 B D:\Web\Dau\yoxview\lang\ru.js <-- ftp.dauperu.com /public_html/yoxview/lang ru.js
2013.02.16 18:47 B D:\Web\Dau\yoxview\lang\sk.js <-- ftp.dauperu.com /public_html/yoxview/lang sk.js
2013.02.16 18:47 B D:\Web\Dau\yoxview\lang\sl.js <-- ftp.dauperu.com /public_html/yoxview/lang sl.js
2013.02.16 18:47 B D:\Web\Dau\yoxview\lang\sv.js <-- ftp.dauperu.com /public_html/yoxview/lang sv.js
2013.02.16 18:47 B D:\Web\Dau\yoxview\lang\tr.js <-- ftp.dauperu.com /public_html/yoxview/lang tr.js
2013.02.16 18:47 B D:\Web\Dau\yoxview\lang\ua.js <-- ftp.dauperu.com /public_html/yoxview/lang ua.js
2013.02.16 18:47 B D:\Web\Dau\yoxview\lang\zh-cn.js <-- ftp.dauperu.com /public_html/yoxview/lang zh-cn.js
2013.02.16 18:47 B D:\Web\Dau\yoxview\lang\zh-tw.js <-- ftp.dauperu.com /public_html/yoxview/lang zh-tw.js
2013.02.17 22:45 B D:\Web\Dau\yoxview\lang\ar.js --> ftp.aldexperu.com /public_html/yoxview/lang ar.js
2013.02.17 22:45 B D:\Web\Dau\yoxview\lang\bg.js --> ftp.aldexperu.com /public_html/yoxview/lang bg.js
2013.02.17 22:45 B D:\Web\Dau\yoxview\lang\ca.js --> ftp.aldexperu.com /public_html/yoxview/lang ca.js
2013.02.17 22:45 B D:\Web\Dau\yoxview\lang\cs.js --> ftp.aldexperu.com /public_html/yoxview/lang cs.js
2013.02.17 22:45 B D:\Web\Dau\yoxview\lang\de.js --> ftp.aldexperu.com /public_html/yoxview/lang de.js
2013.02.17 22:45 B D:\Web\Dau\yoxview\lang\dk.js --> ftp.aldexperu.com /public_html/yoxview/lang dk.js
2013.02.17 22:45 B D:\Web\Dau\yoxview\lang\en-back.js --> ftp.aldexperu.com /public_html/yoxview/lang en-back.js
2013.02.17 22:45 B D:\Web\Dau\yoxview\lang\en.js --> ftp.aldexperu.com /public_html/yoxview/lang en.js
2013.02.17 22:45 B D:\Web\Dau\yoxview\lang\es.js --> ftp.aldexperu.com /public_html/yoxview/lang es.js
2013.02.17 22:45 B D:\Web\Dau\yoxview\lang\fr.js --> ftp.aldexperu.com /public_html/yoxview/lang fr.js
2013.02.17 22:45 B D:\Web\Dau\yoxview\lang\gr.js --> ftp.aldexperu.com /public_html/yoxview/lang gr.js
2013.02.17 22:45 B D:\Web\Dau\yoxview\lang\he.js --> ftp.aldexperu.com /public_html/yoxview/lang he.js
2013.02.17 22:45 B D:\Web\Dau\yoxview\lang\hu.js --> ftp.aldexperu.com /public_html/yoxview/lang hu.js
2013.02.17 22:45 B D:\Web\Dau\yoxview\lang\ie.js --> ftp.aldexperu.com /public_html/yoxview/lang ie.js
2013.02.17 22:45 B D:\Web\Dau\yoxview\lang\ir.js --> ftp.aldexperu.com /public_html/yoxview/lang ir.js
2013.02.17 22:45 B D:\Web\Dau\yoxview\lang\it.js --> ftp.aldexperu.com /public_html/yoxview/lang it.js
2013.02.17 22:45 B D:\Web\Dau\yoxview\lang\ja.js --> ftp.aldexperu.com /public_html/yoxview/lang ja.js
2013.02.17 22:45 B D:\Web\Dau\yoxview\lang\ka.js --> ftp.aldexperu.com /public_html/yoxview/lang ka.js
2013.02.17 22:45 B D:\Web\Dau\yoxview\lang\mk.js --> ftp.aldexperu.com /public_html/yoxview/lang mk.js
2013.02.17 22:45 B D:\Web\Dau\yoxview\lang\nl.js --> ftp.aldexperu.com /public_html/yoxview/lang nl.js
2013.02.17 22:45 B D:\Web\Dau\yoxview\lang\pl.js --> ftp.aldexperu.com /public_html/yoxview/lang pl.js
2013.02.17 22:45 B D:\Web\Dau\yoxview\lang\pt-br.js --> ftp.aldexperu.com /public_html/yoxview/lang pt-br.js
2013.02.17 22:45 B D:\Web\Dau\yoxview\lang\pt.js --> ftp.aldexperu.com /public_html/yoxview/lang pt.js
2013.02.17 22:45 B D:\Web\Dau\yoxview\lang\ro.js --> ftp.aldexperu.com /public_html/yoxview/lang ro.js
2013.02.17 22:45 B D:\Web\Dau\yoxview\lang\ru.js --> ftp.aldexperu.com /public_html/yoxview/lang ru.js
2013.02.17 22:45 B D:\Web\Dau\yoxview\lang\sk.js --> ftp.aldexperu.com /public_html/yoxview/lang sk.js
2013.02.17 22:45 B D:\Web\Dau\yoxview\lang\sl.js --> ftp.aldexperu.com /public_html/yoxview/lang sl.js
2013.02.17 22:45 B D:\Web\Dau\yoxview\lang\sv.js --> ftp.aldexperu.com /public_html/yoxview/lang sv.js
2013.02.17 22:45 B D:\Web\Dau\yoxview\lang\tr.js --> ftp.aldexperu.com /public_html/yoxview/lang tr.js
2013.02.17 22:45 B D:\Web\Dau\yoxview\lang\ua.js --> ftp.aldexperu.com /public_html/yoxview/lang ua.js
