2013.02.16 18:46 B D:\Web\Dau\yoxview\images\empty.gif <-- ftp.dauperu.com /public_html/yoxview/images empty.gif
2013.02.16 18:46 B D:\Web\Dau\yoxview\images\help_panel.png <-- ftp.dauperu.com /public_html/yoxview/images help_panel.png
2013.02.16 18:46 B D:\Web\Dau\yoxview\images\left.png <-- ftp.dauperu.com /public_html/yoxview/images left.png
2013.02.16 18:46 B D:\Web\Dau\yoxview\images\left_empty.png <-- ftp.dauperu.com /public_html/yoxview/images left_empty.png
2013.02.16 18:46 B D:\Web\Dau\yoxview\images\left_eng.png <-- ftp.dauperu.com /public_html/yoxview/images left_eng.png
2013.02.16 18:46 B D:\Web\Dau\yoxview\images\left_prev.png <-- ftp.dauperu.com /public_html/yoxview/images left_prev.png
2013.02.16 18:46 B D:\Web\Dau\yoxview\images\popup_ajax_loader.gif <-- ftp.dauperu.com /public_html/yoxview/images popup_ajax_loader.gif
2013.02.16 18:46 B D:\Web\Dau\yoxview\images\right.png <-- ftp.dauperu.com /public_html/yoxview/images right.png
2013.02.16 18:46 B D:\Web\Dau\yoxview\images\right_empty.png <-- ftp.dauperu.com /public_html/yoxview/images right_empty.png
2013.02.16 18:46 B D:\Web\Dau\yoxview\images\right_eng.png <-- ftp.dauperu.com /public_html/yoxview/images right_eng.png
2013.02.16 18:46 B D:\Web\Dau\yoxview\images\sprites.png <-- ftp.dauperu.com /public_html/yoxview/images sprites.png
2013.02.16 18:46 B D:\Web\Dau\yoxview\images\Thumbs.db <-- ftp.dauperu.com /public_html/yoxview/images Thumbs.db
2013.02.17 22:44 B D:\Web\Dau\yoxview\images\empty.gif --> ftp.aldexperu.com /public_html/yoxview/images empty.gif
2013.02.17 22:44 B D:\Web\Dau\yoxview\images\help_panel.png --> ftp.aldexperu.com /public_html/yoxview/images help_panel.png
2013.02.17 22:44 B D:\Web\Dau\yoxview\images\left.png --> ftp.aldexperu.com /public_html/yoxview/images left.png
2013.02.17 22:44 B D:\Web\Dau\yoxview\images\left_empty.png --> ftp.aldexperu.com /public_html/yoxview/images left_empty.png
2013.02.17 22:44 B D:\Web\Dau\yoxview\images\left_eng.png --> ftp.aldexperu.com /public_html/yoxview/images left_eng.png
2013.02.17 22:44 B D:\Web\Dau\yoxview\images\left_prev.png --> ftp.aldexperu.com /public_html/yoxview/images left_prev.png
2013.02.17 22:44 B D:\Web\Dau\yoxview\images\popup_ajax_loader.gif --> ftp.aldexperu.com /public_html/yoxview/images popup_ajax_loader.gif
2013.02.17 22:44 B D:\Web\Dau\yoxview\images\right.png --> ftp.aldexperu.com /public_html/yoxview/images right.png
2013.02.17 22:44 B D:\Web\Dau\yoxview\images\right_empty.png --> ftp.aldexperu.com /public_html/yoxview/images right_empty.png
2013.02.17 22:44 B D:\Web\Dau\yoxview\images\right_eng.png --> ftp.aldexperu.com /public_html/yoxview/images right_eng.png
2013.02.17 22:44 B D:\Web\Dau\yoxview\images\sprites.png --> ftp.aldexperu.com /public_html/yoxview/images sprites.png
2013.02.17 22:45 B D:\Web\Dau\yoxview\images\Thumbs.db --> ftp.aldexperu.com /public_html/yoxview/images Thumbs.db
